MPBoot version 1.1.0 for Linux 64-bit built Mar 23 2018
Copyright (c) 2016 Diep Thi Hoang, Le Sy Vinh, Tomas Flouri, Alexandros Stamatakis, Arndt von Haeseler and Bui Quang Minh.

WARNING: Your CPU supports AVX but you are using SSE3 version of MPBoot!
WARNING: Please switch to AVX version that is 40% faster than SSE3.

Host:    farm5-head2 (AVX512F, FMA3, 810 GB RAM)
Command: mpboot -s mutect2_tree/PD45567_snv_for_MPBoot.fa -bb 1000
Seed:    569364 (Using SPRNG - Scalable Parallel Random Number Generator)
Time:    Tue Feb 21 20:08:23 2023
Kernel:  SSE3

Reading alignment file mutect2_tree/PD45567_snv_for_MPBoot.fa ... Fasta format detected
Alignment most likely contains DNA/RNA sequences
Alignment has 20 sequences with 16594 columns and 230 patterns
ID   Sequence         #Gap/Ambiguity
1    Ancestral        0    (0.000%)	1
2    PD45567b_lo0003  399  (2.404%)	2
3    PD45567b_lo0004  329  (1.983%)	2
4    PD45567b_lo0005  711  (4.285%)	2
5    PD45567b_lo0007  963  (5.803%)	2
6    PD45567b_lo0012  351  (2.115%)	2
7    PD45567c_lo0003  558  (3.363%)	2
8    PD45567c_lo0006  836  (5.038%)	2
9    PD45567c_lo0007  668  (4.026%)	2
10   PD45567c_lo0009  373  (2.248%)	2
11   PD45567d_lo0003  250  (1.507%)	2
12   PD45567d_lo0023  695  (4.188%)	2
13   PD45567d_lo0029  306  (1.844%)	2
14   PD45567d_lo0030  305  (1.838%)	2
15   PD45567d_lo0033  228  (1.374%)	2
16   PD45567d_lo0037  259  (1.561%)	2
17   PD45567e_lo0002  380  (2.290%)	2
18   PD45567e_lo0008  677  (4.080%)	2
19   PD45567e_lo0009  1118 (6.737%)	2
20   PD45567e_lo0011  471  (2.838%)	2
**** TOTAL            9877 (2.976%)
Time for parsimony tree construction: 0.002 seconds
Parsimony score: 880
Reordering patterns in alignment by decreasing order of pattern parsimony... 0.000 seconds

Create initial parsimony tree by phylogenetic likelihood library (PLL)... 0.000 seconds
Generating 1000 samples for bootstrap approximation...
WARNING: C is not present in alignment that may cause numerical problems
WARNING: G is not present in alignment that may cause numerical problems

NOTE: 0.764 MB RAM is required!
Current best tree score: 880

Generating 99 parsimony trees... (98 duplicated parsimony trees)
CPU time: 0
Finish initializing candidate tree set. Number of distinct locally optimal trees: 2
Current best score: 880 / CPU time: 0

Time: 0h:0m:0s
RATCHET Iteration 10 / Score: 880 / Time: 0h:0m:0s
RATCHET Iteration 20 / Score: 880 / Time: 0h:0m:0s (0h:0m:2s left)
RATCHET Iteration 30 / Score: 880 / Time: 0h:0m:0s (0h:0m:2s left)
RATCHET Iteration 40 / Score: 880 / Time: 0h:0m:1s (0h:0m:1s left)
RATCHET Iteration 50 / Score: 880 / Time: 0h:0m:1s (0h:0m:1s left)
RATCHET Iteration 60 / Score: 880 / Time: 0h:0m:1s (0h:0m:0s left)
RATCHET Iteration 70 / Score: 880 / Time: 0h:0m:1s (0h:0m:0s left)
RATCHET Iteration 80 / Score: 880 / Time: 0h:0m:1s (0h:0m:0s left)
RATCHET Iteration 90 / Score: 880 / Time: 0h:0m:1s (0h:0m:0s left)
RATCHET Iteration 100 / Score: 880 / Time: 0h:0m:2s (0h:0m:0s left)
Optimizing bootstrap trees ...
100 replicates done
200 replicates done
300 replicates done
400 replicates done
500 replicates done
600 replicates done
700 replicates done
800 replicates done
900 replicates done
1000 replicates done
CPU Time used:  12 sec.
NOTE: At the end, 7710 bootstrap candidate trees evaluated.
Scores of best 5 trees: 
880 880 
BEST SCORE FOUND : 880
Creating bootstrap support values...
Split supports printed to NEXUS file mutect2_tree/PD45567_snv_for_MPBoot.fa.splits.nex

CPU time used for tree search: 13.679 sec (0h:0m:13s)
Wall-clock time used for tree search: 13.961 sec (0h:0m:13s)
Total CPU time used: 13.861 sec (0h:0m:13s)
Total wall-clock time used: 14.148 sec (0h:0m:14s)

Computing bootstrap consensus tree...
Reading input file mutect2_tree/PD45567_snv_for_MPBoot.fa.splits.nex...
20 taxa and 53 splits.
Consensus tree written to mutect2_tree/PD45567_snv_for_MPBoot.fa.contree
Parsimony score of consensus tree: 880

Analysis results written to: 
  MPBoot report:                 mutect2_tree/PD45567_snv_for_MPBoot.fa.mpboot
  Maximum-parsimony  tree:       mutect2_tree/PD45567_snv_for_MPBoot.fa.treefile

Maximum parsimony bootstrap approximation results written to:
  Split support values:          mutect2_tree/PD45567_snv_for_MPBoot.fa.splits.nex
  Consensus tree:                mutect2_tree/PD45567_snv_for_MPBoot.fa.contree
  Screen log file:               mutect2_tree/PD45567_snv_for_MPBoot.fa.log

Date and Time: Tue Feb 21 20:08:37 2023
