MPBoot version 1.1.0 for Linux 64-bit built Mar 23 2018
Copyright (c) 2016 Diep Thi Hoang, Le Sy Vinh, Tomas Flouri, Alexandros Stamatakis, Arndt von Haeseler and Bui Quang Minh.

WARNING: Your CPU supports AVX but you are using SSE3 version of MPBoot!
WARNING: Please switch to AVX version that is 40% faster than SSE3.

Host:    farm5-head2 (AVX512F, FMA3, 810 GB RAM)
Command: mpboot -s varscan2_treejob3/Patient_snv_for_MPBoot.fa -bb 1000
Seed:    90959 (Using SPRNG - Scalable Parallel Random Number Generator)
Time:    Fri Mar  3 20:04:44 2023
Kernel:  SSE3

Reading alignment file varscan2_treejob3/Patient_snv_for_MPBoot.fa ... Fasta format detected
Alignment most likely contains DNA/RNA sequences
Alignment has 22 sequences with 1608 columns and 267 patterns
ID   Sequence         #Gap/Ambiguity
1    Ancestral        0    (0.000%)	1
2    PD45567b_lo0003  232  (14.428%)	2
3    PD45567b_lo0004  43   (2.674%)	2
4    PD45567b_lo0005  56   (3.483%)	2
5    PD45567b_lo0007  49   (3.047%)	2
6    PD45567b_lo0012  72   (4.478%)	2
7    PD45567c_lo0001  38   (2.363%)	2
8    PD45567c_lo0003  41   (2.550%)	2
9    PD45567c_lo0006  115  (7.152%)	2
10   PD45567c_lo0007  108  (6.716%)	2
11   PD45567c_lo0009  110  (6.841%)	2
12   PD45567d_lo0003  36   (2.239%)	2
13   PD45567d_lo0023  60   (3.731%)	2
14   PD45567d_lo0029  56   (3.483%)	2
15   PD45567d_lo0030  42   (2.612%)	2
16   PD45567d_lo0033  40   (2.488%)	2
17   PD45567d_lo0037  43   (2.674%)	2
18   PD45567e_lo0002  112  (6.965%)	2
19   PD45567e_lo0005  90   (5.597%)	2
20   PD45567e_lo0008  36   (2.239%)	2
21   PD45567e_lo0009  58   (3.607%)	2
22   PD45567e_lo0011  48   (2.985%)	2
**** TOTAL            1485 (4.198%)
Time for parsimony tree construction: 0.000 seconds
Parsimony score: 1115
Reordering patterns in alignment by decreasing order of pattern parsimony... 0.000 seconds

Create initial parsimony tree by phylogenetic likelihood library (PLL)... 0.000 seconds
Generating 1000 samples for bootstrap approximation...
WARNING: C is not present in alignment that may cause numerical problems
WARNING: G is not present in alignment that may cause numerical problems

NOTE: 0.982 MB RAM is required!
Current best tree score: 1115

Generating 99 parsimony trees... (98 duplicated parsimony trees)
CPU time: 0
Finish initializing candidate tree set. Number of distinct locally optimal trees: 2
Current best score: 1115 / CPU time: 0

Time: 0h:0m:0s
RATCHET Iteration 10 / Score: 1115 / Time: 0h:0m:0s
RATCHET Iteration 20 / Score: 1115 / Time: 0h:0m:0s (0h:0m:2s left)
RATCHET Iteration 30 / Score: 1115 / Time: 0h:0m:0s (0h:0m:2s left)
RATCHET Iteration 40 / Score: 1115 / Time: 0h:0m:1s (0h:0m:1s left)
RATCHET Iteration 50 / Score: 1115 / Time: 0h:0m:1s (0h:0m:1s left)
RATCHET Iteration 60 / Score: 1115 / Time: 0h:0m:1s (0h:0m:1s left)
RATCHET Iteration 70 / Score: 1115 / Time: 0h:0m:1s (0h:0m:0s left)
RATCHET Iteration 80 / Score: 1115 / Time: 0h:0m:1s (0h:0m:0s left)
RATCHET Iteration 90 / Score: 1115 / Time: 0h:0m:2s (0h:0m:0s left)
RATCHET Iteration 100 / Score: 1115 / Time: 0h:0m:2s (0h:0m:0s left)
Optimizing bootstrap trees ...
100 replicates done
200 replicates done
300 replicates done
400 replicates done
500 replicates done
600 replicates done
700 replicates done
800 replicates done
900 replicates done
1000 replicates done
CPU Time used:  2 sec.
NOTE: At the end, 7230 bootstrap candidate trees evaluated.
Scores of best 5 trees: 
1115 1115 
BEST SCORE FOUND : 1115
Creating bootstrap support values...
Split supports printed to NEXUS file varscan2_treejob3/Patient_snv_for_MPBoot.fa.splits.nex

CPU time used for tree search: 4.709 sec (0h:0m:4s)
Wall-clock time used for tree search: 4.710 sec (0h:0m:4s)
Total CPU time used: 4.730 sec (0h:0m:4s)
Total wall-clock time used: 4.734 sec (0h:0m:4s)

Computing bootstrap consensus tree...
Reading input file varscan2_treejob3/Patient_snv_for_MPBoot.fa.splits.nex...
22 taxa and 58 splits.
Consensus tree written to varscan2_treejob3/Patient_snv_for_MPBoot.fa.contree
Parsimony score of consensus tree: 1115

Analysis results written to: 
  MPBoot report:                 varscan2_treejob3/Patient_snv_for_MPBoot.fa.mpboot
  Maximum-parsimony  tree:       varscan2_treejob3/Patient_snv_for_MPBoot.fa.treefile

Maximum parsimony bootstrap approximation results written to:
  Split support values:          varscan2_treejob3/Patient_snv_for_MPBoot.fa.splits.nex
  Consensus tree:                varscan2_treejob3/Patient_snv_for_MPBoot.fa.contree
  Screen log file:               varscan2_treejob3/Patient_snv_for_MPBoot.fa.log

Date and Time: Fri Mar  3 20:04:48 2023
